<?xml version="1.0" encoding="UTF-8"?>
<!-- Generated by org.testng.reporters.JUnitReportReporter -->
<testsuite hostname="SHMOTAMA-XGVPB" name="com.vts.tests.Test12_OverlayDetailsRouter" tests="12" failures="0" timestamp="3 Sep 2015 10:12:17 GMT" time="584.314" errors="0">
  <testcase name="test04_addRouterDuplicateInterfaces" time="37.618" classname="com.vts.tests.Test12_OverlayDetailsRouter"/>
  <testcase name="test10_deleteRouterNOTHavingInterfaces" time="49.651" classname="com.vts.tests.Test12_OverlayDetailsRouter"/>
  <testcase name="test08_editRouterAddInterface" time="40.754" classname="com.vts.tests.Test12_OverlayDetailsRouter"/>
  <testcase name="test02_addRouterDuplicateName" time="52.796" classname="com.vts.tests.Test12_OverlayDetailsRouter"/>
  <testcase name="test01_addRouter" time="28.780" classname="com.vts.tests.Test12_OverlayDetailsRouter"/>
  <testcase name="test05_addRouterDeleteInterfaces" time="90.333" classname="com.vts.tests.Test12_OverlayDetailsRouter"/>
  <testcase name="test12_addRouterWithoutSelectingTopology" time="38.516" classname="com.vts.tests.Test12_OverlayDetailsRouter"/>
  <testcase name="test11_cancelDeleteRouter" time="49.058" classname="com.vts.tests.Test12_OverlayDetailsRouter"/>
  <testcase name="test07_addRouterCancel" time="41.091" classname="com.vts.tests.Test12_OverlayDetailsRouter"/>
  <testcase name="test03_addRouterMultipleInterfaces" time="40.959" classname="com.vts.tests.Test12_OverlayDetailsRouter"/>
  <testcase name="test06_addRouterCancelDeleteInterfaces" time="49.810" classname="com.vts.tests.Test12_OverlayDetailsRouter"/>
  <testcase name="test09_deleteRouterHavingInterfaces" time="64.948" classname="com.vts.tests.Test12_OverlayDetailsRouter"/>
</testsuite> <!-- com.vts.tests.Test12_OverlayDetailsRouter -->
