<?xml version="1.0" encoding="UTF-8"?>
<!-- Generated by org.testng.reporters.JUnitReportReporter -->
<testsuite hostname="SHMOTAMA-XGVPB" name="com.vts.tests.SetupWizardFabricTests" tests="23" failures="0" timestamp="5 Jan 2016 11:22:02 GMT" time="306.507" errors="0">
  <testcase name="test01_AddRowValidData" time="15.319" classname="com.vts.tests.SetupWizardFabricTests"/>
  <testcase name="test10_fieldValidationsForFex" time="8.307" classname="com.vts.tests.SetupWizardFabricTests"/>
  <testcase name="test12_InvalidNameCheckForFex" time="9.168" classname="com.vts.tests.SetupWizardFabricTests"/>
  <testcase name="test02_AddRowBlankData" time="19.704" classname="com.vts.tests.SetupWizardFabricTests"/>
  <testcase name="test15_editFex" time="12.187" classname="com.vts.tests.SetupWizardFabricTests"/>
  <testcase name="test08_AddDevice_baremetal" time="14.883" classname="com.vts.tests.SetupWizardFabricTests"/>
  <testcase name="test11_infoMessagesForNameAndIp" time="9.058" classname="com.vts.tests.SetupWizardFabricTests"/>
  <testcase name="test07_CancelDeleteRow" time="12.315" classname="com.vts.tests.SetupWizardFabricTests"/>
  <testcase name="test13_validNameCheckForFex" time="14.035" classname="com.vts.tests.SetupWizardFabricTests"/>
  <testcase name="test12_InvalidNameCheckForFex" time="8.802" classname="com.vts.tests.SetupWizardFabricTests"/>
  <testcase name="test03_CancelAddRow" time="13.675" classname="com.vts.tests.SetupWizardFabricTests"/>
  <testcase name="test14_editNonFexToFex" time="12.172" classname="com.vts.tests.SetupWizardFabricTests"/>
  <testcase name="test04_EditRowValidData" time="15.781" classname="com.vts.tests.SetupWizardFabricTests"/>
  <testcase name="test09_DeleteRow" time="18.674" classname="com.vts.tests.SetupWizardFabricTests"/>
  <testcase name="test12_InvalidNameCheckForFex" time="9.298" classname="com.vts.tests.SetupWizardFabricTests"/>
  <testcase name="test13_validNameCheckForFex" time="13.723" classname="com.vts.tests.SetupWizardFabricTests"/>
  <testcase name="test06_CancelEditRow" time="14.036" classname="com.vts.tests.SetupWizardFabricTests"/>
  <testcase name="test12_InvalidNameCheckForFex" time="8.908" classname="com.vts.tests.SetupWizardFabricTests"/>
  <testcase name="test12_InvalidNameCheckForFex" time="9.469" classname="com.vts.tests.SetupWizardFabricTests"/>
  <testcase name="test13_validNameCheckForFex" time="14.246" classname="com.vts.tests.SetupWizardFabricTests"/>
  <testcase name="test05_EditRowBlankData" time="14.029" classname="com.vts.tests.SetupWizardFabricTests"/>
  <testcase name="test13_validNameCheckForFex" time="14.436" classname="com.vts.tests.SetupWizardFabricTests"/>
  <testcase name="test16_deleteMultiple" time="24.282" classname="com.vts.tests.SetupWizardFabricTests"/>
</testsuite> <!-- com.vts.tests.SetupWizardFabricTests -->
