<?xml version="1.0" encoding="UTF-8"?>
<!-- Generated by org.testng.reporters.JUnitReportReporter -->
<testsuite hostname="SHMOTAMA-XGVPB" name="com.vts.tests.Test06_TenantManagement" tests="9" failures="0" timestamp="11 Jan 2016 13:36:09 GMT" time="86.864" errors="0">
  <testcase name="test03_deleteTenant" time="11.720" classname="com.vts.tests.Test06_TenantManagement"/>
  <testcase name="test02_addTenantDuplicateName" time="5.828" classname="com.vts.tests.Test06_TenantManagement"/>
  <testcase name="test09_infoIcon" time="11.197" classname="com.vts.tests.Test06_TenantManagement"/>
  <testcase name="test04_addTenantAddTopology" time="14.034" classname="com.vts.tests.Test06_TenantManagement"/>
  <testcase name="test05_editTenantAddTopology" time="12.506" classname="com.vts.tests.Test06_TenantManagement"/>
  <testcase name="test08_addTopologyDuplicateName" time="4.626" classname="com.vts.tests.Test06_TenantManagement"/>
  <testcase name="test01_addTenant" time="7.797" classname="com.vts.tests.Test06_TenantManagement"/>
  <testcase name="test06_editTenantDeleteTopology" time="10.590" classname="com.vts.tests.Test06_TenantManagement"/>
  <testcase name="test07_editTenantDescription" time="8.566" classname="com.vts.tests.Test06_TenantManagement"/>
</testsuite> <!-- com.vts.tests.Test06_TenantManagement -->
