<?xml version="1.0" encoding="UTF-8"?>
<!-- Generated by org.testng.reporters.JUnitReportReporter -->
<testsuite hostname="SHMOTAMA-XGVPB" name="com.vts.tests.Test02_RoutePolicyProfile" tests="1" failures="0" timestamp="8 Dec 2015 10:41:18 GMT" time="11.380" errors="0">
  <testcase name="Test01_createRoutePolicy" time="11.380" classname="com.vts.tests.Test02_RoutePolicyProfile"/>
</testsuite> <!-- com.vts.tests.Test02_RoutePolicyProfile -->
