<?xml version="1.0" encoding="UTF-8"?>
<!-- Generated by org.testng.reporters.JUnitReportReporter -->
<testsuite hostname="SHMOTAMA-XGVPB" name="com.vts.tests.Test22_Topology" tests="3" failures="0" timestamp="7 Jan 2016 12:45:33 GMT" time="20.747" errors="0">
  <testcase name="test03_verifySelectNetworkWithTenant" time="6.864" classname="com.vts.tests.Test22_Topology"/>
  <testcase name="test02_validateStandAloneToggleButton" time="6.580" classname="com.vts.tests.Test22_Topology"/>
  <testcase name="test04_verifySelectNetworkWithoutTenant" time="7.303" classname="com.vts.tests.Test22_Topology"/>
</testsuite> <!-- com.vts.tests.Test22_Topology -->
