<?xml version="1.0" encoding="UTF-8"?>
<!-- Generated by org.testng.reporters.JUnitReportReporter -->
<testsuite hostname="SHMOTAMA-XGVPB" name="com.vts.tests.Test20_OverlayDetailsBaremetal" tests="3" failures="0" timestamp="7 Jan 2016 12:42:21 GMT" time="20.610" errors="0">
  <testcase name="test01_verifySelectTenantIsDisplayed" time="4.398" classname="com.vts.tests.Test20_OverlayDetailsBaremetal"/>
  <testcase name="test02_verifySelectTenantIsEnabled" time="4.456" classname="com.vts.tests.Test20_OverlayDetailsBaremetal"/>
  <testcase name="test03_verifyTenantsInSelectTenantDropDown" time="11.756" classname="com.vts.tests.Test20_OverlayDetailsBaremetal"/>
</testsuite> <!-- com.vts.tests.Test20_OverlayDetailsBaremetal -->
