<?xml version="1.0" encoding="UTF-8"?>
<!-- Generated by org.testng.reporters.JUnitReportReporter -->
<testsuite hostname="SHMOTAMA-XGVPB" name="com.vts.tests.Test19_OverlayDetailsVirtualMachines" tests="3" failures="0" timestamp="7 Jan 2016 12:40:07 GMT" time="20.659" errors="0">
  <testcase name="test01_verifySelectTenantIsDisplayed" time="4.401" classname="com.vts.tests.Test19_OverlayDetailsVirtualMachines"/>
  <testcase name="test02_verifySelectTenantIsEnabled" time="4.518" classname="com.vts.tests.Test19_OverlayDetailsVirtualMachines"/>
  <testcase name="test03_verifyTenantsInSelectTenantDropDown" time="11.740" classname="com.vts.tests.Test19_OverlayDetailsVirtualMachines"/>
</testsuite> <!-- com.vts.tests.Test19_OverlayDetailsVirtualMachines -->
