<?xml version="1.0" encoding="UTF-8"?>
<!-- Generated by org.testng.reporters.JUnitReportReporter -->
<testsuite hostname="SHMOTAMA-XGVPB" name="com.vts.tests.Test00_PasswordEnforce" tests="1" failures="0" timestamp="5 Jan 2016 08:05:32 GMT" time="39.878" errors="0">
  <testcase name="test01_passwordEnforce" time="39.878" classname="com.vts.tests.Test00_PasswordEnforce"/>
</testsuite> <!-- com.vts.tests.Test00_PasswordEnforce -->
