<?xml version="1.0" encoding="UTF-8"?>
<!-- Generated by org.testng.reporters.JUnitReportReporter -->
<testsuite hostname="SHMOTAMA-XGVPB" name="com.vts.tests.Test18_RouteReflector" tests="5" failures="0" timestamp="7 Jan 2016 12:15:42 GMT" time="105.393" errors="0">
  <testcase name="test04_globalNo" time="19.592" classname="com.vts.tests.Test18_RouteReflector"/>
  <testcase name="test01_addBGPRRdevice" time="9.637" classname="com.vts.tests.Test18_RouteReflector"/>
  <testcase name="test02_addNonBGPRRdevice" time="19.673" classname="com.vts.tests.Test18_RouteReflector"/>
  <testcase name="test05_globalYes" time="49.536" classname="com.vts.tests.Test18_RouteReflector"/>
  <testcase name="test03_verifySelectedDevice" time="6.955" classname="com.vts.tests.Test18_RouteReflector"/>
</testsuite> <!-- com.vts.tests.Test18_RouteReflector -->
