<?xml version="1.0" encoding="UTF-8"?>
<!-- Generated by org.testng.reporters.JUnitReportReporter -->
<testsuite hostname="IN-IT0255.local" name="com.vts.tests.TestUserPage" tests="2" failures="0" timestamp="2 Sep 2018 17:54:42 GMT" time="24.589" errors="0">
  <testcase name="test01_addUserData" time="15.131" classname="com.vts.tests.TestUserPage"/>
  <testcase name="test02_deleteUserData" time="9.458" classname="com.vts.tests.TestUserPage"/>
</testsuite> <!-- com.vts.tests.TestUserPage -->
