<?xml version="1.0" encoding="UTF-8"?>
<!-- Generated by org.testng.reporters.JUnitReportReporter -->
<testsuite hostname="SHMOTAMA-XGVPB" name="com.vts.tests.Test23_SetupWizardSystemSettings" tests="1" failures="0" timestamp="16 Dec 2015 14:14:02 GMT" time="8.812" errors="0">
  <testcase name="Test02_editSystemSettings" time="8.812" classname="com.vts.tests.Test23_SetupWizardSystemSettings"/>
</testsuite> <!-- com.vts.tests.Test23_SetupWizardSystemSettings -->
