<?xml version="1.0" encoding="UTF-8"?>
<!-- Generated by org.testng.reporters.JUnitReportReporter -->
<testsuite hostname="SHMOTAMA-XGVPB" name="com.vts.tests.Test14_PasswordChange" tests="3" failures="0" timestamp="7 Jan 2016 13:13:51 GMT" time="68.887" errors="0">
  <testcase name="test01_passwordMismatch" time="5.956" classname="com.vts.tests.Test14_PasswordChange"/>
  <testcase name="test02_wrongCurrentPassword" time="6.451" classname="com.vts.tests.Test14_PasswordChange"/>
  <testcase name="test03_passwordChange" time="56.480" classname="com.vts.tests.Test14_PasswordChange"/>
</testsuite> <!-- com.vts.tests.Test14_PasswordChange -->
